<?xml version="1.0" encoding="UTF-8"?>
<testng-results ignored="0" total="1" passed="1" failed="0" skipped="0">
  <reporter-output>
  </reporter-output>
  <suite started-at="2025-01-29T23:40:48 IST" name="Default suite" finished-at="2025-01-29T23:41:00 IST" duration-ms="11991">
    <groups>
    </groups>
    <test started-at="2025-01-29T23:40:48 IST" name="Default test" finished-at="2025-01-29T23:41:00 IST" duration-ms="11991">
      <class name="com.Testcase.RegistrationTest">
        <test-method is-config="true" signature="setUp()[pri:0, instance:com.Testcase.RegistrationTest@37afeb11]" started-at="2025-01-29T23:40:48 IST" name="setUp" finished-at="2025-01-29T23:40:56 IST" duration-ms="8504" status="PASS">
          <reporter-output>
          </reporter-output>
        </test-method> <!-- setUp -->
        <test-method signature="verifyRegistration()[pri:0, instance:com.Testcase.RegistrationTest@37afeb11]" started-at="2025-01-29T23:40:56 IST" name="verifyRegistration" finished-at="2025-01-29T23:40:59 IST" duration-ms="3162" status="PASS">
          <reporter-output>
          </reporter-output>
        </test-method> <!-- verifyRegistration -->
        <test-method is-config="true" signature="tearDown()[pri:0, instance:com.Testcase.RegistrationTest@37afeb11]" started-at="2025-01-29T23:40:59 IST" name="tearDown" finished-at="2025-01-29T23:41:00 IST" duration-ms="270" status="PASS">
          <reporter-output>
          </reporter-output>
        </test-method> <!-- tearDown -->
      </class> <!-- com.Testcase.RegistrationTest -->
    </test> <!-- Default test -->
  </suite> <!-- Default suite -->
</testng-results>
